<?xml version="1.0" encoding="UTF-8"?>
<!-- Generated by org.testng.reporters.JUnitReportReporter -->
<testsuite hostname="DESKTOP-F6UNPI1" failures="0" tests="1" name="testPackage.ActiTimeCreateProjects_Customers" time="20.534" errors="0" timestamp="2023-09-29T16:44:04 IST" skipped="0">
  <testcase classname="testPackage.ActiTimeCreateProjects_Customers" name="createValidCustomer_ProjectTestScript" time="20.534"/>
</testsuite> <!-- testPackage.ActiTimeCreateProjects_Customers -->
