<?xml version="1.0" encoding="UTF-8"?>
<!-- Generated by org.testng.reporters.JUnitReportReporter -->
<testsuite hostname="DESKTOP-F6UNPI1" failures="0" tests="1" name="testPackage.ActiTimeInvalidTestCase" time="26.865" errors="0" timestamp="2023-09-29T16:44:04 IST" skipped="0">
  <testcase classname="testPackage.ActiTimeInvalidTestCase" name="inValidLoginTestScript" time="26.865"/>
</testsuite> <!-- testPackage.ActiTimeInvalidTestCase -->
