<?xml version="1.0" encoding="UTF-8"?>
<!-- Generated by org.testng.reporters.JUnitReportReporter -->
<testsuite hostname="DESKTOP-F6UNPI1" failures="0" tests="2" name="testNGAnnotation_Flags.TestNG_Annotations" time="0.018" errors="0" timestamp="2023-09-18T13:55:28 IST" skipped="0">
  <testcase classname="testNGAnnotation_Flags.TestNG_Annotations" name="method_test_annotation" time="0.013">
    <system-out>
      <![CDATA[TestAnnotation]]>
    </system-out>
  </testcase> <!-- method_test_annotation -->
  <testcase classname="testNGAnnotation_Flags.TestNG_Annotations" name="method_test_annotation1" time="0.005">
    <system-out>
      <![CDATA[TestAnnotation1]]>
    </system-out>
  </testcase> <!-- method_test_annotation1 -->
  <system-out>
    <![CDATA[beforeSuitAnnotation
beforeTestAnnotation
beforeClassAnnotation
beforeMethodAnnotation
TestAnnotation
afterMethodAnnotation
beforeMethodAnnotation
TestAnnotation1
afterMethodAnnotation
afterClassAnnotation
afterTestAnnotation
afterSuitAnnotation]]>
  </system-out>
</testsuite> <!-- testNGAnnotation_Flags.TestNG_Annotations -->
