<?xml version="1.0" encoding="UTF-8"?>
<!-- Generated by org.testng.reporters.JUnitReportReporter -->
<testsuite hostname="DESKTOP-F6UNPI1" failures="0" tests="2" name="testNGExecution.TestNGClass2" time="0.027" errors="0" timestamp="2023-09-24T11:52:27 IST" skipped="0">
  <testcase classname="testNGExecution.TestNGClass2" name="method3" time="0.017">
    <system-out>
      <![CDATA[TestNGClass2:Mehod3]]>
    </system-out>
  </testcase> <!-- method3 -->
  <testcase classname="testNGExecution.TestNGClass2" name="method4" time="0.010">
    <system-out>
      <![CDATA[TestNGClass2:Mehod4]]>
    </system-out>
  </testcase> <!-- method4 -->
  <system-out>
    <![CDATA[TestNGClass2:Mehod3
TestNGClass2:Mehod4
TestNGClass3:Mehod5
TestNGClass3:Mehod6
TestNGClass1:Mehod1
TestNGClass1:Mehod2]]>
  </system-out>
</testsuite> <!-- testNGExecution.TestNGClass2 -->
