<?xml version="1.0" encoding="UTF-8"?>
<!-- Generated by org.testng.reporters.JUnitReportReporter -->
<testsuite hostname="DESKTOP-F6UNPI1" failures="0" tests="12" name="testNGAnnotation_Flags.Flag3" time="0.096" errors="0" timestamp="2023-09-20T13:43:37 IST" skipped="0">
  <testcase classname="testNGAnnotation_Flags.Flag3" name="method2" time="0.005">
    <system-out>
      <![CDATA[method2]]>
    </system-out>
  </testcase> <!-- method2 -->
  <testcase classname="testNGAnnotation_Flags.Flag3" name="method2" time="0.003">
    <system-out>
      <![CDATA[method2]]>
    </system-out>
  </testcase> <!-- method2 -->
  <testcase classname="testNGAnnotation_Flags.Flag3" name="method1" time="0.018">
    <system-out>
      <![CDATA[method1]]>
    </system-out>
  </testcase> <!-- method1 -->
  <testcase classname="testNGAnnotation_Flags.Flag3" name="method2" time="0.007">
    <system-out>
      <![CDATA[method2]]>
    </system-out>
  </testcase> <!-- method2 -->
  <testcase classname="testNGAnnotation_Flags.Flag3" name="method2" time="0.010">
    <system-out>
      <![CDATA[method2]]>
    </system-out>
  </testcase> <!-- method2 -->
  <testcase classname="testNGAnnotation_Flags.Flag3" name="method2" time="0.019">
    <system-out>
      <![CDATA[method2]]>
    </system-out>
  </testcase> <!-- method2 -->
  <testcase classname="testNGAnnotation_Flags.Flag3" name="method2" time="0.015">
    <system-out>
      <![CDATA[method2]]>
    </system-out>
  </testcase> <!-- method2 -->
  <testcase classname="testNGAnnotation_Flags.Flag3" name="method2" time="0.002">
    <system-out>
      <![CDATA[method2]]>
    </system-out>
  </testcase> <!-- method2 -->
  <testcase classname="testNGAnnotation_Flags.Flag3" name="method3" time="0.007">
    <system-out>
      <![CDATA[method3]]>
    </system-out>
  </testcase> <!-- method3 -->
  <testcase classname="testNGAnnotation_Flags.Flag3" name="method2" time="0.006">
    <system-out>
      <![CDATA[method2]]>
    </system-out>
  </testcase> <!-- method2 -->
  <testcase classname="testNGAnnotation_Flags.Flag3" name="method2" time="0.002">
    <system-out>
      <![CDATA[method2]]>
    </system-out>
  </testcase> <!-- method2 -->
  <testcase classname="testNGAnnotation_Flags.Flag3" name="method2" time="0.002">
    <system-out>
      <![CDATA[method2]]>
    </system-out>
  </testcase> <!-- method2 -->
  <system-out>
    <![CDATA[method1
method2
method2
method2
method2
method2
method2
method2
method2
method2
method2
method3]]>
  </system-out>
</testsuite> <!-- testNGAnnotation_Flags.Flag3 -->
