<?xml version="1.0" encoding="UTF-8"?>
<!-- Generated by org.testng.reporters.JUnitReportReporter -->
<testsuite hostname="DESKTOP-F6UNPI1" failures="0" tests="3" name="testNGAnnotation_Flags.Flag5" time="0.036" errors="0" timestamp="2023-09-20T14:33:28 IST" skipped="0">
  <testcase classname="testNGAnnotation_Flags.Flag5" name="loginMethod" time="0.014"/>
  <testcase classname="testNGAnnotation_Flags.Flag5" name="logoutMethod" time="0.018"/>
  <testcase classname="testNGAnnotation_Flags.Flag5" name="createUserMethod" time="0.004"/>
</testsuite> <!-- testNGAnnotation_Flags.Flag5 -->
