<?xml version="1.0" encoding="UTF-8"?>
<!-- Generated by org.testng.reporters.JUnitReportReporter -->
<testsuite hostname="DESKTOP-F6UNPI1" failures="0" tests="3" name="testNGAnnotation_Flags.Flag2" time="0.036" errors="0" timestamp="2023-09-20T13:35:20 IST" skipped="1">
  <testcase classname="testNGAnnotation_Flags.Flag2" name="method1" time="0.028">
    <system-out>
      <![CDATA[method1]]>
    </system-out>
  </testcase> <!-- method1 -->
  <testcase classname="testNGAnnotation_Flags.Flag2" name="method3" time="0.008">
    <system-out>
      <![CDATA[method3]]>
    </system-out>
  </testcase> <!-- method3 -->
  <testcase classname="testNGAnnotation_Flags.Flag2" name="method2">
    <skipped/>
  </testcase> <!-- method2 -->
  <system-out>
    <![CDATA[method1
method3]]>
  </system-out>
</testsuite> <!-- testNGAnnotation_Flags.Flag2 -->
