<?xml version="1.0" encoding="UTF-8"?>
<!-- Generated by org.testng.reporters.JUnitReportReporter -->
<testsuite hostname="DESKTOP-F6UNPI1" failures="0" tests="2" name="testNGExecution.SearchSelenium" time="48.374" errors="0" timestamp="2023-09-17T11:19:11 IST" skipped="0">
  <testcase classname="testNGExecution.SearchSelenium" name="search_selenum_in_edge" time="14.315">
    <system-out>
      <![CDATA[Selenium]]>
    </system-out>
  </testcase> <!-- search_selenum_in_edge -->
  <testcase classname="testNGExecution.SearchSelenium" name="search_selenum_in_edge" time="34.059">
    <system-out>
      <![CDATA[Selenium]]>
    </system-out>
  </testcase> <!-- search_selenum_in_edge -->
  <system-out>
    <![CDATA[java
Selenium
Selenium
java]]>
  </system-out>
</testsuite> <!-- testNGExecution.SearchSelenium -->
