<?xml version="1.0" encoding="UTF-8"?>
<!-- Generated by org.testng.reporters.JUnitReportReporter -->
<testsuite hostname="DESKTOP-F6UNPI1" failures="0" tests="2" name="testNGPackage.Demo" time="0.030" errors="0" timestamp="2023-09-15T14:37:42 IST" skipped="0">
  <testcase classname="testNGPackage.Demo" name="method1" time="0.026">
    <system-out>
      <![CDATA[method1]]>
    </system-out>
  </testcase> <!-- method1 -->
  <testcase classname="testNGPackage.Demo" name="method2" time="0.004"/>
  <system-out>
    <![CDATA[method1]]>
  </system-out>
</testsuite> <!-- testNGPackage.Demo -->
