<?xml version="1.0" encoding="UTF-8"?>
<!-- Generated by org.testng.reporters.JUnitReportReporter -->
<testsuite hostname="DESKTOP-F6UNPI1" failures="0" tests="2" name="testNGExecution.TestNGClass1" time="0.014" errors="0" timestamp="2023-09-24T11:52:27 IST" skipped="0">
  <testcase classname="testNGExecution.TestNGClass1" name="method2" time="0.003">
    <system-out>
      <![CDATA[TestNGClass1:Mehod2]]>
    </system-out>
  </testcase> <!-- method2 -->
  <testcase classname="testNGExecution.TestNGClass1" name="method1" time="0.011">
    <system-out>
      <![CDATA[TestNGClass1:Mehod1]]>
    </system-out>
  </testcase> <!-- method1 -->
  <system-out>
    <![CDATA[TestNGClass2:Mehod3
TestNGClass2:Mehod4
TestNGClass3:Mehod5
TestNGClass3:Mehod6
TestNGClass1:Mehod1
TestNGClass1:Mehod2]]>
  </system-out>
</testsuite> <!-- testNGExecution.TestNGClass1 -->
