<?xml version="1.0" encoding="UTF-8"?>
<!-- Generated by org.testng.reporters.JUnitReportReporter -->
<testsuite hostname="DESKTOP-F6UNPI1" failures="0" tests="10" name="testNGAnnotation_Flags.Flag4" time="0.102" errors="0" timestamp="2023-09-20T14:09:01 IST" skipped="0">
  <testcase classname="testNGAnnotation_Flags.Flag4" name="f" time="0.025"/>
  <testcase classname="testNGAnnotation_Flags.Flag4" name="z" time="0.007"/>
  <testcase classname="testNGAnnotation_Flags.Flag4" name="w" time="0.005"/>
  <testcase classname="testNGAnnotation_Flags.Flag4" name="r" time="0.011"/>
  <testcase classname="testNGAnnotation_Flags.Flag4" name="c" time="0.007"/>
  <testcase classname="testNGAnnotation_Flags.Flag4" name="a" time="0.011"/>
  <testcase classname="testNGAnnotation_Flags.Flag4" name="l" time="0.011"/>
  <testcase classname="testNGAnnotation_Flags.Flag4" name="g" time="0.012"/>
  <testcase classname="testNGAnnotation_Flags.Flag4" name="q" time="0.006"/>
  <testcase classname="testNGAnnotation_Flags.Flag4" name="h" time="0.007"/>
</testsuite> <!-- testNGAnnotation_Flags.Flag4 -->
