<?xml version="1.0" encoding="UTF-8"?>
<!-- Generated by org.testng.reporters.JUnitReportReporter -->
<testsuite hostname="DESKTOP-F6UNPI1" failures="0" tests="1" name="testNGExecution.SearchSQL" time="22.008" errors="0" timestamp="2023-09-17T10:34:27 IST" skipped="0">
  <testcase classname="testNGExecution.SearchSQL" name="search_sql_in_firefox" time="22.008">
    <system-out>
      <![CDATA[SQL]]>
    </system-out>
  </testcase> <!-- search_sql_in_firefox -->
  <system-out>
    <![CDATA[SQL
Selenium
java]]>
  </system-out>
</testsuite> <!-- testNGExecution.SearchSQL -->
