<?xml version="1.0" encoding="UTF-8"?>
<!-- Generated by org.testng.reporters.JUnitReportReporter -->
<testsuite hostname="DESKTOP-F6UNPI1" failures="0" tests="2" name="testNGExecution.SearchJava" time="25.653" errors="0" timestamp="2023-09-17T11:19:11 IST" skipped="0">
  <testcase classname="testNGExecution.SearchJava" name="search_java_in_chrome" time="16.611">
    <system-out>
      <![CDATA[java]]>
    </system-out>
  </testcase> <!-- search_java_in_chrome -->
  <testcase classname="testNGExecution.SearchJava" name="search_java_in_chrome" time="9.042">
    <system-out>
      <![CDATA[java]]>
    </system-out>
  </testcase> <!-- search_java_in_chrome -->
  <system-out>
    <![CDATA[java
Selenium
Selenium
java]]>
  </system-out>
</testsuite> <!-- testNGExecution.SearchJava -->
