<?xml version="1.0" encoding="UTF-8"?>
<!-- Generated by org.testng.reporters.JUnitReportReporter -->
<testsuite hostname="DESKTOP-F6UNPI1" failures="0" tests="15" name="testNGAnnotation_Flags.Flag6" time="0.146" errors="0" timestamp="2023-09-20T15:13:05 IST" skipped="0">
  <testcase classname="testNGAnnotation_Flags.Flag6" name="it4" time="0.009"/>
  <testcase classname="testNGAnnotation_Flags.Flag6" name="ft5" time="0.008"/>
  <testcase classname="testNGAnnotation_Flags.Flag6" name="st4" time="0.012"/>
  <testcase classname="testNGAnnotation_Flags.Flag6" name="it1" time="0.030"/>
  <testcase classname="testNGAnnotation_Flags.Flag6" name="ft3" time="0.008"/>
  <testcase classname="testNGAnnotation_Flags.Flag6" name="st3" time="0.003"/>
  <testcase classname="testNGAnnotation_Flags.Flag6" name="ft4" time="0.004"/>
  <testcase classname="testNGAnnotation_Flags.Flag6" name="st5" time="0.006"/>
  <testcase classname="testNGAnnotation_Flags.Flag6" name="it5" time="0.002"/>
  <testcase classname="testNGAnnotation_Flags.Flag6" name="it3" time="0.006"/>
  <testcase classname="testNGAnnotation_Flags.Flag6" name="st1" time="0.021"/>
  <testcase classname="testNGAnnotation_Flags.Flag6" name="it2" time="0.007"/>
  <testcase classname="testNGAnnotation_Flags.Flag6" name="st2" time="0.005"/>
  <testcase classname="testNGAnnotation_Flags.Flag6" name="ft2" time="0.009"/>
  <testcase classname="testNGAnnotation_Flags.Flag6" name="ft1" time="0.016"/>
</testsuite> <!-- testNGAnnotation_Flags.Flag6 -->
