<?xml version="1.0" encoding="UTF-8"?>
<!-- Generated by org.testng.reporters.JUnitReportReporter -->
<testsuite hostname="DESKTOP-F6UNPI1" failures="0" tests="2" name="testNGExecution.TestNGClass3" time="0.012" errors="0" timestamp="2023-09-24T11:52:27 IST" skipped="0">
  <testcase classname="testNGExecution.TestNGClass3" name="method5" time="0.006">
    <system-out>
      <![CDATA[TestNGClass3:Mehod5]]>
    </system-out>
  </testcase> <!-- method5 -->
  <testcase classname="testNGExecution.TestNGClass3" name="method6" time="0.006">
    <system-out>
      <![CDATA[TestNGClass3:Mehod6]]>
    </system-out>
  </testcase> <!-- method6 -->
  <system-out>
    <![CDATA[TestNGClass2:Mehod3
TestNGClass2:Mehod4
TestNGClass3:Mehod5
TestNGClass3:Mehod6
TestNGClass1:Mehod1
TestNGClass1:Mehod2]]>
  </system-out>
</testsuite> <!-- testNGExecution.TestNGClass3 -->
